<?xml version="1.0" encoding="UTF-8"?>
<!-- Generated by org.testng.reporters.JUnitXMLReporter -->
<testsuite hostname="DESKTOP-9VN76KV" ignored="0" name="Test" tests="1" failures="1" timestamp="2020-06-30T18:57:53 IST" time="44.316" errors="0">
  <testcase name="DeleteContact" time="38.148" classname="Application.Contact.DeleteContactTest">
    <failure type="org.openqa.selenium.NoSuchElementException" message="An element could not be located on the page using the given search parameters.
For documentation on this error, please visit: https://www.seleniumhq.org/exceptions/no_such_element.html
Build info: version: &amp;apos;3.141.59&amp;apos;, revision: &amp;apos;e82be7d358&amp;apos;, time: &amp;apos;2018-11-14T08:17:03&amp;apos;
System info: host: &amp;apos;DESKTOP-9VN76KV&amp;apos;, ip: &amp;apos;192.168.0.104&amp;apos;, os.name: &amp;apos;Windows 10&amp;apos;, os.arch: &amp;apos;amd64&amp;apos;, os.version: &amp;apos;10.0&amp;apos;, java.version: &amp;apos;1.8.0_251&amp;apos;
Driver info: io.appium.java_client.android.AndroidDriver
Capabilities {appActivity: com.android.dialer.Dialtact..., appPackage: com.samsung.android.contacts, automationName: uiautomator2, databaseEnabled: false, desired: {appActivity: com.android.dialer.Dialtact..., appPackage: com.samsung.android.contacts, automationName: uiautomator2, deviceName: Android Device, platformName: android}, deviceApiLevel: 27, deviceManufacturer: samsung, deviceModel: SM-G615FU, deviceName: 420010599737743f, deviceScreenDensity: 420, deviceScreenSize: 1080x1920, deviceUDID: 420010599737743f, javascriptEnabled: true, locationContextEnabled: false, networkConnectionEnabled: true, pixelRatio: 2.625, platform: LINUX, platformName: Android, platformVersion: 8.1.0, statBarHeight: 63, takesScreenshot: true, viewportRect: {height: 1857, left: 0, top: 63, width: 1080}, warnings: {}, webStorageEnabled: false}
Session ID: 3665b1f0-5548-4088-abe0-0a925406a88e
*** Element info: {Using=-android uiautomator, value=new UiScrollable(new UiSelector()).scrollIntoView(text(&amp;quot;Payel-rel-bangalor&amp;quot;))}">
      <![CDATA[org.openqa.selenium.NoSuchElementException: An element could not be located on the page using the given search parameters.
For documentation on this error, please visit: https://www.seleniumhq.org/exceptions/no_such_element.html
Build info: version: '3.141.59', revision: 'e82be7d358', time: '2018-11-14T08:17:03'
System info: host: 'DESKTOP-9VN76KV', ip: '192.168.0.104', os.name: 'Windows 10', os.arch: 'amd64', os.version: '10.0', java.version: '1.8.0_251'
Driver info: io.appium.java_client.android.AndroidDriver
Capabilities {appActivity: com.android.dialer.Dialtact..., appPackage: com.samsung.android.contacts, automationName: uiautomator2, databaseEnabled: false, desired: {appActivity: com.android.dialer.Dialtact..., appPackage: com.samsung.android.contacts, automationName: uiautomator2, deviceName: Android Device, platformName: android}, deviceApiLevel: 27, deviceManufacturer: samsung, deviceModel: SM-G615FU, deviceName: 420010599737743f, deviceScreenDensity: 420, deviceScreenSize: 1080x1920, deviceUDID: 420010599737743f, javascriptEnabled: true, locationContextEnabled: false, networkConnectionEnabled: true, pixelRatio: 2.625, platform: LINUX, platformName: Android, platformVersion: 8.1.0, statBarHeight: 63, takesScreenshot: true, viewportRect: {height: 1857, left: 0, top: 63, width: 1080}, warnings: {}, webStorageEnabled: false}
Session ID: 3665b1f0-5548-4088-abe0-0a925406a88e
*** Element info: {Using=-android uiautomator, value=new UiScrollable(new UiSelector()).scrollIntoView(text("Payel-rel-bangalor"))}
at org.openqa.selenium.remote.http.W3CHttpResponseCodec.createException(W3CHttpResponseCodec.java:187)
at org.openqa.selenium.remote.http.W3CHttpResponseCodec.decode(W3CHttpResponseCodec.java:122)
at org.openqa.selenium.remote.http.W3CHttpResponseCodec.decode(W3CHttpResponseCodec.java:49)
at org.openqa.selenium.remote.HttpCommandExecutor.execute(HttpCommandExecutor.java:158)
at io.appium.java_client.remote.AppiumCommandExecutor.execute(AppiumCommandExecutor.java:239)
at org.openqa.selenium.remote.RemoteWebDriver.execute(RemoteWebDriver.java:552)
at io.appium.java_client.DefaultGenericMobileDriver.execute(DefaultGenericMobileDriver.java:41)
at io.appium.java_client.AppiumDriver.execute(AppiumDriver.java:1)
at io.appium.java_client.android.AndroidDriver.execute(AndroidDriver.java:1)
at org.openqa.selenium.remote.RemoteWebDriver.findElement(RemoteWebDriver.java:323)
at io.appium.java_client.DefaultGenericMobileDriver.findElement(DefaultGenericMobileDriver.java:61)
at io.appium.java_client.AppiumDriver.findElement(AppiumDriver.java:1)
at io.appium.java_client.android.AndroidDriver.findElement(AndroidDriver.java:1)
at io.appium.java_client.FindsByAndroidUIAutomator.findElementByAndroidUIAutomator(FindsByAndroidUIAutomator.java:38)
at Application.Contact.DeleteContactTest.DeleteContact(DeleteContactTest.java:38)
at java.util.ArrayList.forEach(Unknown Source)
... Removed 31 stack frames]]>
    </failure>
  </testcase> <!-- DeleteContact -->
</testsuite> <!-- Test -->
